Connected to SQLite (voting.db)
[GIN-debug] [WARNING] Creating an Engine instance with the Logger and Recovery middleware already attached.

[GIN-debug] [WARNING] Running in "debug" mode. Switch to "release" mode in production.
 - using env:	export GIN_MODE=release
 - using code:	gin.SetMode(gin.ReleaseMode)

[GIN-debug] GET    /api/polls                --> voting-system/handlers.ListPolls (4 handlers)
[GIN-debug] POST   /api/polls                --> voting-system/handlers.CreatePoll (4 handlers)
[GIN-debug] GET    /api/polls/:id            --> voting-system/handlers.GetPoll (4 handlers)
[GIN-debug] POST   /api/vote                 --> voting-system/handlers.Vote (4 handlers)
[GIN-debug] GET    /api/results/:pollId      --> voting-system/handlers.GetResults (4 handlers)
[GIN-debug] GET    /                         --> main.main.func2 (4 handlers)
[GIN-debug] GET    /health                   --> main.main.func3 (4 handlers)
🚀 Server running on http://localhost:8081
[GIN-debug] [WARNING] You trusted all proxies, this is NOT safe. We recommend you to set a value.
Please check https://github.com/gin-gonic/gin/blob/master/docs/doc.md#dont-trust-all-proxies for details.
[GIN-debug] Listening and serving HTTP on :8081
[GIN] 2026/04/06 - 10:46:50 | 200 |    1.1ms |             ::1 | GET      "/api/polls?limit=5"
[GIN] 2026/04/06 - 10:46:51 | 200 |       0s |       127.0.0.1 | GET      "/health"
[GIN] 2026/04/06 - 10:47:05 | 200 |  782.6µs |             ::1 | GET      "/api/polls?limit=5"
[GIN] 2026/04/06 - 10:47:06 | 200 |  515.8µs |             ::1 | GET      "/api/polls?limit=5"
